# JRE version: Java(TM) SE Runtime Environment (8.0_60-b27) (build 1.8.0_60-b27)
# Java VM: Java HotSpot(TM) 64-Bit Server VM (25.60-b23 mixed mode windows-amd64 compressed oops)
Heap:
 PSYoungGen      total 655360K, used 200218K [0x00000000d5f80000, 0x00000000ffc80000, 0x0000000100000000)
  eden space 623616K, 29% used [0x00000000d5f80000,0x00000000e162e2c8,0x00000000fc080000)
  from space 31744K, 41% used [0x00000000fc080000,0x00000000fcd585a0,0x00000000fdf80000)
  to   space 29696K, 0% used [0x00000000fdf80000,0x00000000fdf80000,0x00000000ffc80000)
 ParOldGen       total 142336K, used 81816K [0x0000000081e00000, 0x000000008a900000, 0x00000000d5f80000)
  object space 142336K, 57% used [0x0000000081e00000,0x0000000086de62d0,0x000000008a900000)
 Metaspace       used 38530K, capacity 40104K, committed 40448K, reserved 1085440K
  class space    used 4516K, capacity 5016K, committed 5120K, reserved 1048576K
GC Heap History (10 events):
Event: 18.765 GC heap before
{Heap before GC invocations=13 (full 1):
 PSYoungGen      total 407552K, used 380544K [0x00000000d5f80000, 0x00000000f9880000, 0x0000000100000000)
  eden space 375808K, 100% used [0x00000000d5f80000,0x00000000ece80000,0x00000000ece80000)
  from space 31744K, 14% used [0x00000000ece80000,0x00000000ed320010,0x00000000eed80000)
  to   space 31744K, 0% used [0x00000000f7980000,0x00000000f7980000,0x00000000f9880000)
 ParOldGen       total 100352K, used 56837K [0x0000000081e00000, 0x0000000088000000, 0x00000000d5f80000)
  object space 100352K, 56% used [0x0000000081e00000,0x0000000085581590,0x0000000088000000)
 Metaspace       used 34116K, capacity 35350K, committed 35456K, reserved 1081344K
  class space    used 4036K, capacity 4408K, committed 4480K, reserved 1048576K
Event: 18.790 GC heap after
Heap after GC invocations=13 (full 1):
 PSYoungGen      total 524288K, used 19691K [0x00000000d5f80000, 0x00000000f8d00000, 0x0000000100000000)
  eden space 504320K, 0% used [0x00000000d5f80000,0x00000000d5f80000,0x00000000f4c00000)
  from space 19968K, 98% used [0x00000000f7980000,0x00000000f8cbae30,0x00000000f8d00000)
  to   space 32256K, 0% used [0x00000000f4e00000,0x00000000f4e00000,0x00000000f6d80000)
 ParOldGen       total 100352K, used 59657K [0x0000000081e00000, 0x0000000088000000, 0x00000000d5f80000)
  object space 100352K, 59% used [0x0000000081e00000,0x00000000858425c0,0x0000000088000000)
 Metaspace       used 34116K, capacity 35350K, committed 35456K, reserved 1081344K
  class space    used 4036K, capacity 4408K, committed 4480K, reserved 1048576K
}
Event: 18.795 GC heap before
{Heap before GC invocations=14 (full 1):
 PSYoungGen      total 524288K, used 31918K [0x00000000d5f80000, 0x00000000f8d00000, 0x0000000100000000)
  eden space 504320K, 2% used [0x00000000d5f80000,0x00000000d6b70d80,0x00000000f4c00000)
  from space 19968K, 98% used [0x00000000f7980000,0x00000000f8cbae30,0x00000000f8d00000)
  to   space 32256K, 0% used [0x00000000f4e00000,0x00000000f4e00000,0x00000000f6d80000)
 ParOldGen       total 100352K, used 59657K [0x0000000081e00000, 0x0000000088000000, 0x00000000d5f80000)
  object space 100352K, 59% used [0x0000000081e00000,0x00000000858425c0,0x0000000088000000)
 Metaspace       used 34149K, capacity 35350K, committed 35456K, reserved 1081344K
  class space    used 4039K, capacity 4408K, committed 4480K, reserved 1048576K
Event: 18.809 GC heap after
Heap after GC invocations=14 (full 1):
 PSYoungGen      total 538624K, used 224K [0x00000000d5f80000, 0x0000000100000000, 0x0000000100000000)
  eden space 506368K, 0% used [0x00000000d5f80000,0x00000000d5f80000,0x00000000f4e00000)
  from space 32256K, 0% used [0x00000000f4e00000,0x00000000f4e38010,0x00000000f6d80000)
  to   space 32768K, 0% used [0x00000000fe000000,0x00000000fe000000,0x0000000100000000)
 ParOldGen       total 100352K, used 76087K [0x0000000081e00000, 0x0000000088000000, 0x00000000d5f80000)
  object space 100352K, 75% used [0x0000000081e00000,0x000000008684dd70,0x0000000088000000)
 Metaspace       used 34149K, capacity 35350K, committed 35456K, reserved 1081344K
  class space    used 4039K, capacity 4408K, committed 4480K, reserved 1048576K
}
Event: 18.809 GC heap before
{Heap before GC invocations=15 (full 2):
 PSYoungGen      total 538624K, used 224K [0x00000000d5f80000, 0x0000000100000000, 0x0000000100000000)
  eden space 506368K, 0% used [0x00000000d5f80000,0x00000000d5f80000,0x00000000f4e00000)
  from space 32256K, 0% used [0x00000000f4e00000,0x00000000f4e38010,0x00000000f6d80000)
  to   space 32768K, 0% used [0x00000000fe000000,0x00000000fe000000,0x0000000100000000)
 ParOldGen       total 100352K, used 76087K [0x0000000081e00000, 0x0000000088000000, 0x00000000d5f80000)
  object space 100352K, 75% used [0x0000000081e00000,0x000000008684dd70,0x0000000088000000)
 Metaspace       used 34149K, capacity 35350K, committed 35456K, reserved 1081344K
  class space    used 4039K, capacity 4408K, committed 4480K, reserved 1048576K
Event: 19.193 GC heap after
Heap after GC invocations=15 (full 2):
 PSYoungGen      total 538624K, used 0K [0x00000000d5f80000, 0x0000000100000000, 0x0000000100000000)
  eden space 506368K, 0% used [0x00000000d5f80000,0x00000000d5f80000,0x00000000f4e00000)
  from space 32256K, 0% used [0x00000000f4e00000,0x00000000f4e00000,0x00000000f6d80000)
  to   space 32768K, 0% used [0x00000000fe000000,0x00000000fe000000,0x0000000100000000)
 ParOldGen       total 142336K, used 75210K [0x0000000081e00000, 0x000000008a900000, 0x00000000d5f80000)
  object space 142336K, 52% used [0x0000000081e00000,0x0000000086772aa8,0x000000008a900000)
 Metaspace       used 34149K, capacity 35350K, committed 35456K, reserved 1081344K
  class space    used 4039K, capacity 4408K, committed 4480K, reserved 1048576K
}
Event: 22.378 GC heap before
{Heap before GC invocations=16 (full 2):
 PSYoungGen      total 538624K, used 506368K [0x00000000d5f80000, 0x0000000100000000, 0x0000000100000000)
  eden space 506368K, 100% used [0x00000000d5f80000,0x00000000f4e00000,0x00000000f4e00000)
  from space 32256K, 0% used [0x00000000f4e00000,0x00000000f4e00000,0x00000000f6d80000)
  to   space 32768K, 0% used [0x00000000fe000000,0x00000000fe000000,0x0000000100000000)
 ParOldGen       total 142336K, used 75210K [0x0000000081e00000, 0x000000008a900000, 0x00000000d5f80000)
  object space 142336K, 52% used [0x0000000081e00000,0x0000000086772aa8,0x000000008a900000)
 Metaspace       used 35749K, capacity 37030K, committed 37120K, reserved 1081344K
  class space    used 4186K, capacity 4581K, committed 4608K, reserved 1048576K
Event: 22.404 GC heap after
Heap after GC invocations=16 (full 2):
 PSYoungGen      total 654848K, used 9209K [0x00000000d5f80000, 0x00000000ffe80000, 0x0000000100000000)
  eden space 623616K, 0% used [0x00000000d5f80000,0x00000000d5f80000,0x00000000fc080000)
  from space 31232K, 29% used [0x00000000fe000000,0x00000000fe8fe7e8,0x00000000ffe80000)
  to   space 31744K, 0% used [0x00000000fc080000,0x00000000fc080000,0x00000000fdf80000)
 ParOldGen       total 142336K, used 75210K [0x0000000081e00000, 0x000000008a900000, 0x00000000d5f80000)
  object space 142336K, 52% used [0x0000000081e00000,0x0000000086772aa8,0x000000008a900000)
 Metaspace       used 35749K, capacity 37030K, committed 37120K, reserved 1081344K
  class space    used 4186K, capacity 4581K, committed 4608K, reserved 1048576K
}
Event: 29.727 GC heap before
{Heap before GC invocations=17 (full 2):
 PSYoungGen      total 654848K, used 632825K [0x00000000d5f80000, 0x00000000ffe80000, 0x0000000100000000)
  eden space 623616K, 100% used [0x00000000d5f80000,0x00000000fc080000,0x00000000fc080000)
  from space 31232K, 29% used [0x00000000fe000000,0x00000000fe8fe7e8,0x00000000ffe80000)
  to   space 31744K, 0% used [0x00000000fc080000,0x00000000fc080000,0x00000000fdf80000)
 ParOldGen       total 142336K, used 75210K [0x0000000081e00000, 0x000000008a900000, 0x00000000d5f80000)
  object space 142336K, 52% used [0x0000000081e00000,0x0000000086772aa8,0x000000008a900000)
 Metaspace       used 36886K, capacity 38126K, committed 38400K, reserved 1083392K
  class space    used 4309K, capacity 4757K, committed 4864K, reserved 1048576K
Event: 29.765 GC heap after
Heap after GC invocations=17 (full 2):
 PSYoungGen      total 655360K, used 13153K [0x00000000d5f80000, 0x00000000ffc80000, 0x0000000100000000)
  eden space 623616K, 0% used [0x00000000d5f80000,0x00000000d5f80000,0x00000000fc080000)
  from space 31744K, 41% used [0x00000000fc080000,0x00000000fcd585a0,0x00000000fdf80000)
  to   space 29696K, 0% used [0x00000000fdf80000,0x00000000fdf80000,0x00000000ffc80000)
 ParOldGen       total 142336K, used 81816K [0x0000000081e00000, 0x000000008a900000, 0x00000000d5f80000)
  object space 142336K, 57% used [0x0000000081e00000,0x0000000086de62d0,0x000000008a900000)
 Metaspace       used 36886K, capacity 38126K, committed 38400K, reserved 1083392K
  class space    used 4309K, capacity 4757K, committed 4864K, reserved 1048576K
}

