# JRE version: Java(TM) SE Runtime Environment (8.0_60-b27) (build 1.8.0_60-b27)
# Java VM: Java HotSpot(TM) 64-Bit Server VM (25.60-b23 mixed mode windows-amd64 compressed oops)
Heap:
 PSYoungGen      total 454656K, used 347399K [0x00000000d5f80000, 0x00000000f4400000, 0x0000000100000000)
  eden space 418304K, 80% used [0x00000000d5f80000,0x00000000ea83bc98,0x00000000ef800000)
  from space 36352K, 29% used [0x00000000f1b00000,0x00000000f2586330,0x00000000f3e80000)
  to   space 35840K, 0% used [0x00000000ef800000,0x00000000ef800000,0x00000000f1b00000)
 ParOldGen       total 160768K, used 76087K [0x0000000081e00000, 0x000000008bb00000, 0x00000000d5f80000)
  object space 160768K, 47% used [0x0000000081e00000,0x000000008684dc80,0x000000008bb00000)
 Metaspace       used 35788K, capacity 36966K, committed 37120K, reserved 1081344K
  class space    used 4187K, capacity 4581K, committed 4608K, reserved 1048576K
GC Heap History (10 events):
Event: 12.637 GC heap before
{Heap before GC invocations=12 (full 1):
 PSYoungGen      total 299008K, used 293583K [0x00000000d5f80000, 0x00000000ece00000, 0x0000000100000000)
  eden space 272384K, 100% used [0x00000000d5f80000,0x00000000e6980000,0x00000000e6980000)
  from space 26624K, 79% used [0x00000000e8500000,0x00000000e99b3d20,0x00000000e9f00000)
  to   space 28160K, 0% used [0x00000000e6980000,0x00000000e6980000,0x00000000e8500000)
 ParOldGen       total 106496K, used 42683K [0x0000000081e00000, 0x0000000088600000, 0x00000000d5f80000)
  object space 106496K, 40% used [0x0000000081e00000,0x00000000847aee80,0x0000000088600000)
 Metaspace       used 28521K, capacity 29584K, committed 29824K, reserved 1075200K
  class space    used 3356K, capacity 3662K, committed 3712K, reserved 1048576K
Event: 12.655 GC heap after
Heap after GC invocations=12 (full 1):
 PSYoungGen      total 300544K, used 19344K [0x00000000d5f80000, 0x00000000ee580000, 0x0000000100000000)
  eden space 272384K, 0% used [0x00000000d5f80000,0x00000000d5f80000,0x00000000e6980000)
  from space 28160K, 68% used [0x00000000e6980000,0x00000000e7c643c0,0x00000000e8500000)
  to   space 28672K, 0% used [0x00000000ec980000,0x00000000ec980000,0x00000000ee580000)
 ParOldGen       total 106496K, used 42691K [0x0000000081e00000, 0x0000000088600000, 0x00000000d5f80000)
  object space 106496K, 40% used [0x0000000081e00000,0x00000000847b0e80,0x0000000088600000)
 Metaspace       used 28521K, capacity 29584K, committed 29824K, reserved 1075200K
  class space    used 3356K, capacity 3662K, committed 3712K, reserved 1048576K
}
Event: 17.145 GC heap before
{Heap before GC invocations=13 (full 1):
 PSYoungGen      total 300544K, used 291728K [0x00000000d5f80000, 0x00000000ee580000, 0x0000000100000000)
  eden space 272384K, 100% used [0x00000000d5f80000,0x00000000e6980000,0x00000000e6980000)
  from space 28160K, 68% used [0x00000000e6980000,0x00000000e7c643c0,0x00000000e8500000)
  to   space 28672K, 0% used [0x00000000ec980000,0x00000000ec980000,0x00000000ee580000)
 ParOldGen       total 106496K, used 42691K [0x0000000081e00000, 0x0000000088600000, 0x00000000d5f80000)
  object space 106496K, 40% used [0x0000000081e00000,0x00000000847b0e80,0x0000000088600000)
 Metaspace       used 30113K, capacity 31124K, committed 31360K, reserved 1077248K
  class space    used 3535K, capacity 3854K, committed 3968K, reserved 1048576K
Event: 17.169 GC heap after
Heap after GC invocations=13 (full 1):
 PSYoungGen      total 357376K, used 24065K [0x00000000d5f80000, 0x00000000ee180000, 0x0000000100000000)
  eden space 332800K, 0% used [0x00000000d5f80000,0x00000000d5f80000,0x00000000ea480000)
  from space 24576K, 97% used [0x00000000ec980000,0x00000000ee1005a0,0x00000000ee180000)
  to   space 30720K, 0% used [0x00000000ea580000,0x00000000ea580000,0x00000000ec380000)
 ParOldGen       total 106496K, used 42699K [0x0000000081e00000, 0x0000000088600000, 0x00000000d5f80000)
  object space 106496K, 40% used [0x0000000081e00000,0x00000000847b2e80,0x0000000088600000)
 Metaspace       used 30113K, capacity 31124K, committed 31360K, reserved 1077248K
  class space    used 3535K, capacity 3854K, committed 3968K, reserved 1048576K
}
Event: 17.927 GC heap before
{Heap before GC invocations=14 (full 1):
 PSYoungGen      total 357376K, used 93635K [0x00000000d5f80000, 0x00000000ee180000, 0x0000000100000000)
  eden space 332800K, 20% used [0x00000000d5f80000,0x00000000da370798,0x00000000ea480000)
  from space 24576K, 97% used [0x00000000ec980000,0x00000000ee1005a0,0x00000000ee180000)
  to   space 30720K, 0% used [0x00000000ea580000,0x00000000ea580000,0x00000000ec380000)
 ParOldGen       total 106496K, used 42699K [0x0000000081e00000, 0x0000000088600000, 0x00000000d5f80000)
  object space 106496K, 40% used [0x0000000081e00000,0x00000000847b2e80,0x0000000088600000)
 Metaspace       used 34167K, capacity 35350K, committed 35456K, reserved 1081344K
  class space    used 4039K, capacity 4408K, committed 4480K, reserved 1048576K
Event: 17.962 GC heap after
Heap after GC invocations=14 (full 1):
 PSYoungGen      total 364544K, used 30693K [0x00000000d5f80000, 0x00000000f3e80000, 0x0000000100000000)
  eden space 333824K, 0% used [0x00000000d5f80000,0x00000000d5f80000,0x00000000ea580000)
  from space 30720K, 99% used [0x00000000ea580000,0x00000000ec3796a8,0x00000000ec380000)
  to   space 36352K, 0% used [0x00000000f1b00000,0x00000000f1b00000,0x00000000f3e80000)
 ParOldGen       total 106496K, used 47782K [0x0000000081e00000, 0x0000000088600000, 0x00000000d5f80000)
  object space 106496K, 44% used [0x0000000081e00000,0x0000000084ca9828,0x0000000088600000)
 Metaspace       used 34167K, capacity 35350K, committed 35456K, reserved 1081344K
  class space    used 4039K, capacity 4408K, committed 4480K, reserved 1048576K
}
Event: 17.962 GC heap before
{Heap before GC invocations=15 (full 2):
 PSYoungGen      total 364544K, used 30693K [0x00000000d5f80000, 0x00000000f3e80000, 0x0000000100000000)
  eden space 333824K, 0% used [0x00000000d5f80000,0x00000000d5f80000,0x00000000ea580000)
  from space 30720K, 99% used [0x00000000ea580000,0x00000000ec3796a8,0x00000000ec380000)
  to   space 36352K, 0% used [0x00000000f1b00000,0x00000000f1b00000,0x00000000f3e80000)
 ParOldGen       total 106496K, used 47782K [0x0000000081e00000, 0x0000000088600000, 0x00000000d5f80000)
  object space 106496K, 44% used [0x0000000081e00000,0x0000000084ca9828,0x0000000088600000)
 Metaspace       used 34167K, capacity 35350K, committed 35456K, reserved 1081344K
  class space    used 4039K, capacity 4408K, committed 4480K, reserved 1048576K
Event: 18.211 GC heap after
Heap after GC invocations=15 (full 2):
 PSYoungGen      total 364544K, used 0K [0x00000000d5f80000, 0x00000000f3e80000, 0x0000000100000000)
  eden space 333824K, 0% used [0x00000000d5f80000,0x00000000d5f80000,0x00000000ea580000)
  from space 30720K, 0% used [0x00000000ea580000,0x00000000ea580000,0x00000000ec380000)
  to   space 36352K, 0% used [0x00000000f1b00000,0x00000000f1b00000,0x00000000f3e80000)
 ParOldGen       total 160768K, used 76087K [0x0000000081e00000, 0x000000008bb00000, 0x00000000d5f80000)
  object space 160768K, 47% used [0x0000000081e00000,0x000000008684dc80,0x000000008bb00000)
 Metaspace       used 34167K, capacity 35350K, committed 35456K, reserved 1081344K
  class space    used 4039K, capacity 4408K, committed 4480K, reserved 1048576K
}
Event: 20.606 GC heap before
{Heap before GC invocations=16 (full 2):
 PSYoungGen      total 364544K, used 333824K [0x00000000d5f80000, 0x00000000f3e80000, 0x0000000100000000)
  eden space 333824K, 100% used [0x00000000d5f80000,0x00000000ea580000,0x00000000ea580000)
  from space 30720K, 0% used [0x00000000ea580000,0x00000000ea580000,0x00000000ec380000)
  to   space 36352K, 0% used [0x00000000f1b00000,0x00000000f1b00000,0x00000000f3e80000)
 ParOldGen       total 160768K, used 76087K [0x0000000081e00000, 0x000000008bb00000, 0x00000000d5f80000)
  object space 160768K, 47% used [0x0000000081e00000,0x000000008684dc80,0x000000008bb00000)
 Metaspace       used 35712K, capacity 36936K, committed 37120K, reserved 1081344K
  class space    used 4184K, capacity 4576K, committed 4608K, reserved 1048576K
Event: 20.632 GC heap after
Heap after GC invocations=16 (full 2):
 PSYoungGen      total 454656K, used 10776K [0x00000000d5f80000, 0x00000000f4400000, 0x0000000100000000)
  eden space 418304K, 0% used [0x00000000d5f80000,0x00000000d5f80000,0x00000000ef800000)
  from space 36352K, 29% used [0x00000000f1b00000,0x00000000f2586330,0x00000000f3e80000)
  to   space 35840K, 0% used [0x00000000ef800000,0x00000000ef800000,0x00000000f1b00000)
 ParOldGen       total 160768K, used 76087K [0x0000000081e00000, 0x000000008bb00000, 0x00000000d5f80000)
  object space 160768K, 47% used [0x0000000081e00000,0x000000008684dc80,0x000000008bb00000)
 Metaspace       used 35712K, capacity 36936K, committed 37120K, reserved 1081344K
  class space    used 4184K, capacity 4576K, committed 4608K, reserved 1048576K
}

