# JRE version: Java(TM) SE Runtime Environment (8.0_60-b27) (build 1.8.0_60-b27)
# Java VM: Java HotSpot(TM) 64-Bit Server VM (25.60-b23 mixed mode windows-amd64 compressed oops)
Heap:
 PSYoungGen      total 355840K, used 59562K [0x00000000d5f80000, 0x00000000edf00000, 0x0000000100000000)
  eden space 340480K, 15% used [0x00000000d5f80000,0x00000000d9312838,0x00000000eac00000)
  from space 15360K, 43% used [0x00000000ed000000,0x00000000ed698010,0x00000000edf00000)
  to   space 26112K, 0% used [0x00000000eac00000,0x00000000eac00000,0x00000000ec580000)
 ParOldGen       total 97280K, used 58270K [0x0000000081e00000, 0x0000000087d00000, 0x00000000d5f80000)
  object space 97280K, 59% used [0x0000000081e00000,0x00000000856e7b50,0x0000000087d00000)
 Metaspace       used 28621K, capacity 29608K, committed 29824K, reserved 1075200K
  class space    used 3359K, capacity 3666K, committed 3712K, reserved 1048576K
GC Heap History (10 events):
Event: 14.842 GC heap before
{Heap before GC invocations=11 (full 1):
 PSYoungGen      total 155136K, used 128512K [0x00000000d5f80000, 0x00000000e5e80000, 0x0000000100000000)
  eden space 128512K, 100% used [0x00000000d5f80000,0x00000000ddd00000,0x00000000ddd00000)
  from space 26624K, 0% used [0x00000000ddd00000,0x00000000ddd00000,0x00000000df700000)
  to   space 27648K, 0% used [0x00000000e4380000,0x00000000e4380000,0x00000000e5e80000)
 ParOldGen       total 97280K, used 42016K [0x0000000081e00000, 0x0000000087d00000, 0x00000000d5f80000)
  object space 97280K, 43% used [0x0000000081e00000,0x00000000847082a0,0x0000000087d00000)
 Metaspace       used 22837K, capacity 23426K, committed 23680K, reserved 1071104K
  class space    used 2708K, capacity 2897K, committed 2944K, reserved 1048576K
Event: 14.852 GC heap after
Heap after GC invocations=11 (full 1):
 PSYoungGen      total 192512K, used 7207K [0x00000000d5f80000, 0x00000000e4b00000, 0x0000000100000000)
  eden space 184832K, 0% used [0x00000000d5f80000,0x00000000d5f80000,0x00000000e1400000)
  from space 7680K, 93% used [0x00000000e4380000,0x00000000e4a89e78,0x00000000e4b00000)
  to   space 27648K, 0% used [0x00000000e1500000,0x00000000e1500000,0x00000000e3000000)
 ParOldGen       total 97280K, used 42024K [0x0000000081e00000, 0x0000000087d00000, 0x00000000d5f80000)
  object space 97280K, 43% used [0x0000000081e00000,0x000000008470a2a0,0x0000000087d00000)
 Metaspace       used 22837K, capacity 23426K, committed 23680K, reserved 1071104K
  class space    used 2708K, capacity 2897K, committed 2944K, reserved 1048576K
}
Event: 17.030 GC heap before
{Heap before GC invocations=12 (full 1):
 PSYoungGen      total 192512K, used 192039K [0x00000000d5f80000, 0x00000000e4b00000, 0x0000000100000000)
  eden space 184832K, 100% used [0x00000000d5f80000,0x00000000e1400000,0x00000000e1400000)
  from space 7680K, 93% used [0x00000000e4380000,0x00000000e4a89e78,0x00000000e4b00000)
  to   space 27648K, 0% used [0x00000000e1500000,0x00000000e1500000,0x00000000e3000000)
 ParOldGen       total 97280K, used 42024K [0x0000000081e00000, 0x0000000087d00000, 0x00000000d5f80000)
  object space 97280K, 43% used [0x0000000081e00000,0x000000008470a2a0,0x0000000087d00000)
 Metaspace       used 25037K, capacity 25744K, committed 26112K, reserved 1073152K
  class space    used 2996K, capacity 3238K, committed 3328K, reserved 1048576K
Event: 17.055 GC heap after
Heap after GC invocations=12 (full 1):
 PSYoungGen      total 213504K, used 8127K [0x00000000d5f80000, 0x00000000e9380000, 0x0000000100000000)
  eden space 185856K, 0% used [0x00000000d5f80000,0x00000000d5f80000,0x00000000e1500000)
  from space 27648K, 29% used [0x00000000e1500000,0x00000000e1cefc60,0x00000000e3000000)
  to   space 27136K, 0% used [0x00000000e7900000,0x00000000e7900000,0x00000000e9380000)
 ParOldGen       total 97280K, used 45196K [0x0000000081e00000, 0x0000000087d00000, 0x00000000d5f80000)
  object space 97280K, 46% used [0x0000000081e00000,0x0000000084a232b0,0x0000000087d00000)
 Metaspace       used 25037K, capacity 25744K, committed 26112K, reserved 1073152K
  class space    used 2996K, capacity 3238K, committed 3328K, reserved 1048576K
}
Event: 22.362 GC heap before
{Heap before GC invocations=13 (full 1):
 PSYoungGen      total 213504K, used 193983K [0x00000000d5f80000, 0x00000000e9380000, 0x0000000100000000)
  eden space 185856K, 100% used [0x00000000d5f80000,0x00000000e1500000,0x00000000e1500000)
  from space 27648K, 29% used [0x00000000e1500000,0x00000000e1cefc60,0x00000000e3000000)
  to   space 27136K, 0% used [0x00000000e7900000,0x00000000e7900000,0x00000000e9380000)
 ParOldGen       total 97280K, used 45196K [0x0000000081e00000, 0x0000000087d00000, 0x00000000d5f80000)
  object space 97280K, 46% used [0x0000000081e00000,0x0000000084a232b0,0x0000000087d00000)
 Metaspace       used 28042K, capacity 29074K, committed 29312K, reserved 1075200K
  class space    used 3334K, capacity 3625K, committed 3712K, reserved 1048576K
Event: 22.385 GC heap after
Heap after GC invocations=13 (full 1):
 PSYoungGen      total 275968K, used 14030K [0x00000000d5f80000, 0x00000000e8c80000, 0x0000000100000000)
  eden space 256000K, 0% used [0x00000000d5f80000,0x00000000d5f80000,0x00000000e5980000)
  from space 19968K, 70% used [0x00000000e7900000,0x00000000e86b39f0,0x00000000e8c80000)
  to   space 26112K, 0% used [0x00000000e5980000,0x00000000e5980000,0x00000000e7300000)
 ParOldGen       total 97280K, used 49870K [0x0000000081e00000, 0x0000000087d00000, 0x00000000d5f80000)
  object space 97280K, 51% used [0x0000000081e00000,0x0000000084eb3ae0,0x0000000087d00000)
 Metaspace       used 28042K, capacity 29074K, committed 29312K, reserved 1075200K
  class space    used 3334K, capacity 3625K, committed 3712K, reserved 1048576K
}
Event: 23.495 GC heap before
{Heap before GC invocations=14 (full 1):
 PSYoungGen      total 275968K, used 270030K [0x00000000d5f80000, 0x00000000e8c80000, 0x0000000100000000)
  eden space 256000K, 100% used [0x00000000d5f80000,0x00000000e5980000,0x00000000e5980000)
  from space 19968K, 70% used [0x00000000e7900000,0x00000000e86b39f0,0x00000000e8c80000)
  to   space 26112K, 0% used [0x00000000e5980000,0x00000000e5980000,0x00000000e7300000)
 ParOldGen       total 97280K, used 49870K [0x0000000081e00000, 0x0000000087d00000, 0x00000000d5f80000)
  object space 97280K, 51% used [0x0000000081e00000,0x0000000084eb3ae0,0x0000000087d00000)
 Metaspace       used 28112K, capacity 29150K, committed 29312K, reserved 1075200K
  class space    used 3336K, capacity 3627K, committed 3712K, reserved 1048576K
Event: 23.526 GC heap after
Heap after GC invocations=14 (full 1):
 PSYoungGen      total 282112K, used 2080K [0x00000000d5f80000, 0x00000000eea00000, 0x0000000100000000)
  eden space 256000K, 0% used [0x00000000d5f80000,0x00000000d5f80000,0x00000000e5980000)
  from space 26112K, 7% used [0x00000000e5980000,0x00000000e5b88000,0x00000000e7300000)
  to   space 26624K, 0% used [0x00000000ed000000,0x00000000ed000000,0x00000000eea00000)
 ParOldGen       total 97280K, used 56990K [0x0000000081e00000, 0x0000000087d00000, 0x00000000d5f80000)
  object space 97280K, 58% used [0x0000000081e00000,0x00000000855a7b50,0x0000000087d00000)
 Metaspace       used 28112K, capacity 29150K, committed 29312K, reserved 1075200K
  class space    used 3336K, capacity 3627K, committed 3712K, reserved 1048576K
}
Event: 31.343 GC heap before
{Heap before GC invocations=15 (full 1):
 PSYoungGen      total 282112K, used 258080K [0x00000000d5f80000, 0x00000000eea00000, 0x0000000100000000)
  eden space 256000K, 100% used [0x00000000d5f80000,0x00000000e5980000,0x00000000e5980000)
  from space 26112K, 7% used [0x00000000e5980000,0x00000000e5b88000,0x00000000e7300000)
  to   space 26624K, 0% used [0x00000000ed000000,0x00000000ed000000,0x00000000eea00000)
 ParOldGen       total 97280K, used 56990K [0x0000000081e00000, 0x0000000087d00000, 0x00000000d5f80000)
  object space 97280K, 58% used [0x0000000081e00000,0x00000000855a7b50,0x0000000087d00000)
 Metaspace       used 28578K, capacity 29584K, committed 29824K, reserved 1075200K
  class space    used 3357K, capacity 3662K, committed 3712K, reserved 1048576K
Event: 31.354 GC heap after
Heap after GC invocations=15 (full 1):
 PSYoungGen      total 355840K, used 6752K [0x00000000d5f80000, 0x00000000edf00000, 0x0000000100000000)
  eden space 340480K, 0% used [0x00000000d5f80000,0x00000000d5f80000,0x00000000eac00000)
  from space 15360K, 43% used [0x00000000ed000000,0x00000000ed698010,0x00000000edf00000)
  to   space 26112K, 0% used [0x00000000eac00000,0x00000000eac00000,0x00000000ec580000)
 ParOldGen       total 97280K, used 58270K [0x0000000081e00000, 0x0000000087d00000, 0x00000000d5f80000)
  object space 97280K, 59% used [0x0000000081e00000,0x00000000856e7b50,0x0000000087d00000)
 Metaspace       used 28578K, capacity 29584K, committed 29824K, reserved 1075200K
  class space    used 3357K, capacity 3662K, committed 3712K, reserved 1048576K
}

