# JRE version: Java(TM) SE Runtime Environment (8.0_60-b27) (build 1.8.0_60-b27)
# Java VM: Java HotSpot(TM) 64-Bit Server VM (25.60-b23 mixed mode windows-amd64 compressed oops)
Heap:
 PSYoungGen      total 237056K, used 228482K [0x00000000d5f80000, 0x00000000e7f80000, 0x0000000100000000)
  eden space 225792K, 96% used [0x00000000d5f80000,0x00000000e33b6ab8,0x00000000e3c00000)
  from space 11264K, 99% used [0x00000000e5080000,0x00000000e5b6a040,0x00000000e5b80000)
  to   space 26624K, 0% used [0x00000000e6580000,0x00000000e6580000,0x00000000e7f80000)
 ParOldGen       total 112640K, used 42672K [0x0000000081e00000, 0x0000000088c00000, 0x00000000d5f80000)
  object space 112640K, 37% used [0x0000000081e00000,0x00000000847ac3a0,0x0000000088c00000)
 Metaspace       used 28102K, capacity 29138K, committed 29312K, reserved 1075200K
  class space    used 3335K, capacity 3625K, committed 3712K, reserved 1048576K
GC Heap History (10 events):
Event: 2.589 GC heap before
{Heap before GC invocations=6 (full 0):
 PSYoungGen      total 71680K, used 71672K [0x00000000d5f80000, 0x00000000e1280000, 0x0000000100000000)
  eden space 66560K, 100% used [0x00000000d5f80000,0x00000000da080000,0x00000000da080000)
  from space 5120K, 99% used [0x00000000da080000,0x00000000da57e030,0x00000000da580000)
  to   space 25088K, 0% used [0x00000000dfa00000,0x00000000dfa00000,0x00000000e1280000)
 ParOldGen       total 87552K, used 37628K [0x0000000081e00000, 0x0000000087380000, 0x00000000d5f80000)
  object space 87552K, 42% used [0x0000000081e00000,0x00000000842bf310,0x0000000087380000)
 Metaspace       used 19473K, capacity 19800K, committed 20224K, reserved 1067008K
  class space    used 2345K, capacity 2506K, committed 2560K, reserved 1048576K
Event: 2.611 GC heap after
Heap after GC invocations=6 (full 0):
 PSYoungGen      total 156160K, used 14424K [0x00000000d5f80000, 0x00000000e1080000, 0x0000000100000000)
  eden space 133120K, 0% used [0x00000000d5f80000,0x00000000d5f80000,0x00000000de180000)
  from space 23040K, 62% used [0x00000000dfa00000,0x00000000e0816030,0x00000000e1080000)
  to   space 24064K, 0% used [0x00000000de180000,0x00000000de180000,0x00000000df900000)
 ParOldGen       total 87552K, used 37628K [0x0000000081e00000, 0x0000000087380000, 0x00000000d5f80000)
  object space 87552K, 42% used [0x0000000081e00000,0x00000000842bf310,0x0000000087380000)
 Metaspace       used 19473K, capacity 19800K, committed 20224K, reserved 1067008K
  class space    used 2345K, capacity 2506K, committed 2560K, reserved 1048576K
}
Event: 3.780 GC heap before
{Heap before GC invocations=7 (full 0):
 PSYoungGen      total 156160K, used 147089K [0x00000000d5f80000, 0x00000000e1080000, 0x0000000100000000)
  eden space 133120K, 99% used [0x00000000d5f80000,0x00000000de10e3e0,0x00000000de180000)
  from space 23040K, 62% used [0x00000000dfa00000,0x00000000e0816030,0x00000000e1080000)
  to   space 24064K, 0% used [0x00000000de180000,0x00000000de180000,0x00000000df900000)
 ParOldGen       total 87552K, used 37628K [0x0000000081e00000, 0x0000000087380000, 0x00000000d5f80000)
  object space 87552K, 42% used [0x0000000081e00000,0x00000000842bf310,0x0000000087380000)
 Metaspace       used 20692K, capacity 21006K, committed 21296K, reserved 1069056K
  class space    used 2430K, capacity 2585K, committed 2688K, reserved 1048576K
Event: 3.813 GC heap after
Heap after GC invocations=7 (full 0):
 PSYoungGen      total 157184K, used 23797K [0x00000000d5f80000, 0x00000000e9a80000, 0x0000000100000000)
  eden space 133120K, 0% used [0x00000000d5f80000,0x00000000d5f80000,0x00000000de180000)
  from space 24064K, 98% used [0x00000000de180000,0x00000000df8bd660,0x00000000df900000)
  to   space 28160K, 0% used [0x00000000e7f00000,0x00000000e7f00000,0x00000000e9a80000)
 ParOldGen       total 87552K, used 40174K [0x0000000081e00000, 0x0000000087380000, 0x00000000d5f80000)
  object space 87552K, 45% used [0x0000000081e00000,0x000000008453bbd0,0x0000000087380000)
 Metaspace       used 20692K, capacity 21006K, committed 21296K, reserved 1069056K
  class space    used 2430K, capacity 2585K, committed 2688K, reserved 1048576K
}
Event: 3.813 GC heap before
{Heap before GC invocations=8 (full 1):
 PSYoungGen      total 157184K, used 23797K [0x00000000d5f80000, 0x00000000e9a80000, 0x0000000100000000)
  eden space 133120K, 0% used [0x00000000d5f80000,0x00000000d5f80000,0x00000000de180000)
  from space 24064K, 98% used [0x00000000de180000,0x00000000df8bd660,0x00000000df900000)
  to   space 28160K, 0% used [0x00000000e7f00000,0x00000000e7f00000,0x00000000e9a80000)
 ParOldGen       total 87552K, used 40174K [0x0000000081e00000, 0x0000000087380000, 0x00000000d5f80000)
  object space 87552K, 45% used [0x0000000081e00000,0x000000008453bbd0,0x0000000087380000)
 Metaspace       used 20692K, capacity 21006K, committed 21296K, reserved 1069056K
  class space    used 2430K, capacity 2585K, committed 2688K, reserved 1048576K
Event: 4.014 GC heap after
Heap after GC invocations=8 (full 1):
 PSYoungGen      total 157184K, used 0K [0x00000000d5f80000, 0x00000000e9a80000, 0x0000000100000000)
  eden space 133120K, 0% used [0x00000000d5f80000,0x00000000d5f80000,0x00000000de180000)
  from space 24064K, 0% used [0x00000000de180000,0x00000000de180000,0x00000000df900000)
  to   space 28160K, 0% used [0x00000000e7f00000,0x00000000e7f00000,0x00000000e9a80000)
 ParOldGen       total 112640K, used 42656K [0x0000000081e00000, 0x0000000088c00000, 0x00000000d5f80000)
  object space 112640K, 37% used [0x0000000081e00000,0x00000000847a83a0,0x0000000088c00000)
 Metaspace       used 20692K, capacity 21006K, committed 21296K, reserved 1069056K
  class space    used 2430K, capacity 2585K, committed 2688K, reserved 1048576K
}
Event: 5.106 GC heap before
{Heap before GC invocations=9 (full 1):
 PSYoungGen      total 157184K, used 133120K [0x00000000d5f80000, 0x00000000e9a80000, 0x0000000100000000)
  eden space 133120K, 100% used [0x00000000d5f80000,0x00000000de180000,0x00000000de180000)
  from space 24064K, 0% used [0x00000000de180000,0x00000000de180000,0x00000000df900000)
  to   space 28160K, 0% used [0x00000000e7f00000,0x00000000e7f00000,0x00000000e9a80000)
 ParOldGen       total 112640K, used 42656K [0x0000000081e00000, 0x0000000088c00000, 0x00000000d5f80000)
  object space 112640K, 37% used [0x0000000081e00000,0x00000000847a83a0,0x0000000088c00000)
 Metaspace       used 22831K, capacity 23362K, committed 23680K, reserved 1071104K
  class space    used 2709K, capacity 2897K, committed 2944K, reserved 1048576K
Event: 5.114 GC heap after
Heap after GC invocations=9 (full 1):
 PSYoungGen      total 192512K, used 7403K [0x00000000d5f80000, 0x00000000e8680000, 0x0000000100000000)
  eden space 184832K, 0% used [0x00000000d5f80000,0x00000000d5f80000,0x00000000e1400000)
  from space 7680K, 96% used [0x00000000e7f00000,0x00000000e863ad68,0x00000000e8680000)
  to   space 27648K, 0% used [0x00000000e5080000,0x00000000e5080000,0x00000000e6b80000)
 ParOldGen       total 112640K, used 42664K [0x0000000081e00000, 0x0000000088c00000, 0x00000000d5f80000)
  object space 112640K, 37% used [0x0000000081e00000,0x00000000847aa3a0,0x0000000088c00000)
 Metaspace       used 22831K, capacity 23362K, committed 23680K, reserved 1071104K
  class space    used 2709K, capacity 2897K, committed 2944K, reserved 1048576K
}
Event: 6.257 GC heap before
{Heap before GC invocations=10 (full 1):
 PSYoungGen      total 192512K, used 192235K [0x00000000d5f80000, 0x00000000e8680000, 0x0000000100000000)
  eden space 184832K, 100% used [0x00000000d5f80000,0x00000000e1400000,0x00000000e1400000)
  from space 7680K, 96% used [0x00000000e7f00000,0x00000000e863ad68,0x00000000e8680000)
  to   space 27648K, 0% used [0x00000000e5080000,0x00000000e5080000,0x00000000e6b80000)
 ParOldGen       total 112640K, used 42664K [0x0000000081e00000, 0x0000000088c00000, 0x00000000d5f80000)
  object space 112640K, 37% used [0x0000000081e00000,0x00000000847aa3a0,0x0000000088c00000)
 Metaspace       used 25061K, capacity 25744K, committed 26112K, reserved 1073152K
  class space    used 2996K, capacity 3238K, committed 3328K, reserved 1048576K
Event: 6.283 GC heap after
Heap after GC invocations=10 (full 1):
 PSYoungGen      total 237056K, used 11176K [0x00000000d5f80000, 0x00000000e7f80000, 0x0000000100000000)
  eden space 225792K, 0% used [0x00000000d5f80000,0x00000000d5f80000,0x00000000e3c00000)
  from space 11264K, 99% used [0x00000000e5080000,0x00000000e5b6a040,0x00000000e5b80000)
  to   space 26624K, 0% used [0x00000000e6580000,0x00000000e6580000,0x00000000e7f80000)
 ParOldGen       total 112640K, used 42672K [0x0000000081e00000, 0x0000000088c00000, 0x00000000d5f80000)
  object space 112640K, 37% used [0x0000000081e00000,0x00000000847ac3a0,0x0000000088c00000)
 Metaspace       used 25061K, capacity 25744K, committed 26112K, reserved 1073152K
  class space    used 2996K, capacity 3238K, committed 3328K, reserved 1048576K
}

